Watching for file changes with StatReloader
Watching for file changes with StatReloader
Watching for file changes with StatReloader
Watching for file changes with StatReloader
Invalid HTTP_HOST header: '8000-isozks0bb750se5or2ozh-863b330f.manusvm.computer'. You may need to add '8000-isozks0bb750se5or2ozh-863b330f.manusvm.computer' to ALLOWED_HOSTS.
Traceback (most recent call last):
  File "/home/ubuntu/vermiculita_qc/venv/lib/python3.11/site-packages/django/core/handlers/exception.py", line 55, in inner
    response = get_response(request)
               ^^^^^^^^^^^^^^^^^^^^^
  File "/home/ubuntu/vermiculita_qc/venv/lib/python3.11/site-packages/django/utils/deprecation.py", line 119, in __call__
    response = self.process_request(request)
               ^^^^^^^^^^^^^^^^^^^^^^^^^^^^^
  File "/home/ubuntu/vermiculita_qc/venv/lib/python3.11/site-packages/django/middleware/common.py", line 48, in process_request
    host = request.get_host()
           ^^^^^^^^^^^^^^^^^^
  File "/home/ubuntu/vermiculita_qc/venv/lib/python3.11/site-packages/django/http/request.py", line 202, in get_host
    raise DisallowedHost(msg)
django.core.exceptions.DisallowedHost: Invalid HTTP_HOST header: '8000-isozks0bb750se5or2ozh-863b330f.manusvm.computer'. You may need to add '8000-isozks0bb750se5or2ozh-863b330f.manusvm.computer' to ALLOWED_HOSTS.
Invalid HTTP_HOST header: '8000-isozks0bb750se5or2ozh-863b330f.manusvm.computer'. You may need to add '8000-isozks0bb750se5or2ozh-863b330f.manusvm.computer' to ALLOWED_HOSTS.
Traceback (most recent call last):
  File "/home/ubuntu/vermiculita_qc/venv/lib/python3.11/site-packages/django/core/handlers/exception.py", line 55, in inner
    response = get_response(request)
               ^^^^^^^^^^^^^^^^^^^^^
  File "/home/ubuntu/vermiculita_qc/venv/lib/python3.11/site-packages/django/utils/deprecation.py", line 119, in __call__
    response = self.process_request(request)
               ^^^^^^^^^^^^^^^^^^^^^^^^^^^^^
  File "/home/ubuntu/vermiculita_qc/venv/lib/python3.11/site-packages/django/middleware/common.py", line 48, in process_request
    host = request.get_host()
           ^^^^^^^^^^^^^^^^^^
  File "/home/ubuntu/vermiculita_qc/venv/lib/python3.11/site-packages/django/http/request.py", line 202, in get_host
    raise DisallowedHost(msg)
django.core.exceptions.DisallowedHost: Invalid HTTP_HOST header: '8000-isozks0bb750se5or2ozh-863b330f.manusvm.computer'. You may need to add '8000-isozks0bb750se5or2ozh-863b330f.manusvm.computer' to ALLOWED_HOSTS.
Invalid HTTP_HOST header: '8000-isozks0bb750se5or2ozh-863b330f.manusvm.computer'. You may need to add '8000-isozks0bb750se5or2ozh-863b330f.manusvm.computer' to ALLOWED_HOSTS.
Traceback (most recent call last):
  File "/home/ubuntu/vermiculita_qc/venv/lib/python3.11/site-packages/django/core/handlers/exception.py", line 55, in inner
    response = get_response(request)
               ^^^^^^^^^^^^^^^^^^^^^
  File "/home/ubuntu/vermiculita_qc/venv/lib/python3.11/site-packages/django/utils/deprecation.py", line 119, in __call__
    response = self.process_request(request)
               ^^^^^^^^^^^^^^^^^^^^^^^^^^^^^
  File "/home/ubuntu/vermiculita_qc/venv/lib/python3.11/site-packages/django/middleware/common.py", line 48, in process_request
    host = request.get_host()
           ^^^^^^^^^^^^^^^^^^
  File "/home/ubuntu/vermiculita_qc/venv/lib/python3.11/site-packages/django/http/request.py", line 202, in get_host
    raise DisallowedHost(msg)
django.core.exceptions.DisallowedHost: Invalid HTTP_HOST header: '8000-isozks0bb750se5or2ozh-863b330f.manusvm.computer'. You may need to add '8000-isozks0bb750se5or2ozh-863b330f.manusvm.computer' to ALLOWED_HOSTS.
Invalid HTTP_HOST header: '8000-isozks0bb750se5or2ozh-863b330f.manusvm.computer'. You may need to add '8000-isozks0bb750se5or2ozh-863b330f.manusvm.computer' to ALLOWED_HOSTS.
Traceback (most recent call last):
  File "/home/ubuntu/vermiculita_qc/venv/lib/python3.11/site-packages/django/core/handlers/exception.py", line 55, in inner
    response = get_response(request)
               ^^^^^^^^^^^^^^^^^^^^^
  File "/home/ubuntu/vermiculita_qc/venv/lib/python3.11/site-packages/django/utils/deprecation.py", line 119, in __call__
    response = self.process_request(request)
               ^^^^^^^^^^^^^^^^^^^^^^^^^^^^^
  File "/home/ubuntu/vermiculita_qc/venv/lib/python3.11/site-packages/django/middleware/common.py", line 48, in process_request
    host = request.get_host()
           ^^^^^^^^^^^^^^^^^^
  File "/home/ubuntu/vermiculita_qc/venv/lib/python3.11/site-packages/django/http/request.py", line 202, in get_host
    raise DisallowedHost(msg)
django.core.exceptions.DisallowedHost: Invalid HTTP_HOST header: '8000-isozks0bb750se5or2ozh-863b330f.manusvm.computer'. You may need to add '8000-isozks0bb750se5or2ozh-863b330f.manusvm.computer' to ALLOWED_HOSTS.
Invalid HTTP_HOST header: '8000-isozks0bb750se5or2ozh-863b330f.manusvm.computer'. You may need to add '8000-isozks0bb750se5or2ozh-863b330f.manusvm.computer' to ALLOWED_HOSTS.
Traceback (most recent call last):
  File "/home/ubuntu/vermiculita_qc/venv/lib/python3.11/site-packages/django/core/handlers/exception.py", line 55, in inner
    response = get_response(request)
               ^^^^^^^^^^^^^^^^^^^^^
  File "/home/ubuntu/vermiculita_qc/venv/lib/python3.11/site-packages/django/utils/deprecation.py", line 119, in __call__
    response = self.process_request(request)
               ^^^^^^^^^^^^^^^^^^^^^^^^^^^^^
  File "/home/ubuntu/vermiculita_qc/venv/lib/python3.11/site-packages/django/middleware/common.py", line 48, in process_request
    host = request.get_host()
           ^^^^^^^^^^^^^^^^^^
  File "/home/ubuntu/vermiculita_qc/venv/lib/python3.11/site-packages/django/http/request.py", line 202, in get_host
    raise DisallowedHost(msg)
django.core.exceptions.DisallowedHost: Invalid HTTP_HOST header: '8000-isozks0bb750se5or2ozh-863b330f.manusvm.computer'. You may need to add '8000-isozks0bb750se5or2ozh-863b330f.manusvm.computer' to ALLOWED_HOSTS.
Invalid HTTP_HOST header: '8000-isozks0bb750se5or2ozh-863b330f.manusvm.computer'. You may need to add '8000-isozks0bb750se5or2ozh-863b330f.manusvm.computer' to ALLOWED_HOSTS.
Traceback (most recent call last):
  File "/home/ubuntu/vermiculita_qc/venv/lib/python3.11/site-packages/django/core/handlers/exception.py", line 55, in inner
    response = get_response(request)
               ^^^^^^^^^^^^^^^^^^^^^
  File "/home/ubuntu/vermiculita_qc/venv/lib/python3.11/site-packages/django/utils/deprecation.py", line 119, in __call__
    response = self.process_request(request)
               ^^^^^^^^^^^^^^^^^^^^^^^^^^^^^
  File "/home/ubuntu/vermiculita_qc/venv/lib/python3.11/site-packages/django/middleware/common.py", line 48, in process_request
    host = request.get_host()
           ^^^^^^^^^^^^^^^^^^
  File "/home/ubuntu/vermiculita_qc/venv/lib/python3.11/site-packages/django/http/request.py", line 202, in get_host
    raise DisallowedHost(msg)
django.core.exceptions.DisallowedHost: Invalid HTTP_HOST header: '8000-isozks0bb750se5or2ozh-863b330f.manusvm.computer'. You may need to add '8000-isozks0bb750se5or2ozh-863b330f.manusvm.computer' to ALLOWED_HOSTS.
Invalid HTTP_HOST header: '8000-isozks0bb750se5or2ozh-863b330f.manusvm.computer'. You may need to add '8000-isozks0bb750se5or2ozh-863b330f.manusvm.computer' to ALLOWED_HOSTS.
Traceback (most recent call last):
  File "/home/ubuntu/vermiculita_qc/venv/lib/python3.11/site-packages/django/core/handlers/exception.py", line 55, in inner
    response = get_response(request)
               ^^^^^^^^^^^^^^^^^^^^^
  File "/home/ubuntu/vermiculita_qc/venv/lib/python3.11/site-packages/django/utils/deprecation.py", line 119, in __call__
    response = self.process_request(request)
               ^^^^^^^^^^^^^^^^^^^^^^^^^^^^^
  File "/home/ubuntu/vermiculita_qc/venv/lib/python3.11/site-packages/django/middleware/common.py", line 48, in process_request
    host = request.get_host()
           ^^^^^^^^^^^^^^^^^^
  File "/home/ubuntu/vermiculita_qc/venv/lib/python3.11/site-packages/django/http/request.py", line 202, in get_host
    raise DisallowedHost(msg)
django.core.exceptions.DisallowedHost: Invalid HTTP_HOST header: '8000-isozks0bb750se5or2ozh-863b330f.manusvm.computer'. You may need to add '8000-isozks0bb750se5or2ozh-863b330f.manusvm.computer' to ALLOWED_HOSTS.
Invalid HTTP_HOST header: '8000-isozks0bb750se5or2ozh-863b330f.manusvm.computer'. You may need to add '8000-isozks0bb750se5or2ozh-863b330f.manusvm.computer' to ALLOWED_HOSTS.
Traceback (most recent call last):
  File "/home/ubuntu/vermiculita_qc/venv/lib/python3.11/site-packages/django/core/handlers/exception.py", line 55, in inner
    response = get_response(request)
               ^^^^^^^^^^^^^^^^^^^^^
  File "/home/ubuntu/vermiculita_qc/venv/lib/python3.11/site-packages/django/utils/deprecation.py", line 119, in __call__
    response = self.process_request(request)
               ^^^^^^^^^^^^^^^^^^^^^^^^^^^^^
  File "/home/ubuntu/vermiculita_qc/venv/lib/python3.11/site-packages/django/middleware/common.py", line 48, in process_request
    host = request.get_host()
           ^^^^^^^^^^^^^^^^^^
  File "/home/ubuntu/vermiculita_qc/venv/lib/python3.11/site-packages/django/http/request.py", line 202, in get_host
    raise DisallowedHost(msg)
django.core.exceptions.DisallowedHost: Invalid HTTP_HOST header: '8000-isozks0bb750se5or2ozh-863b330f.manusvm.computer'. You may need to add '8000-isozks0bb750se5or2ozh-863b330f.manusvm.computer' to ALLOWED_HOSTS.
Invalid HTTP_HOST header: '8000-isozks0bb750se5or2ozh-863b330f.manusvm.computer'. You may need to add '8000-isozks0bb750se5or2ozh-863b330f.manusvm.computer' to ALLOWED_HOSTS.
Traceback (most recent call last):
  File "/home/ubuntu/vermiculita_qc/venv/lib/python3.11/site-packages/django/core/handlers/exception.py", line 55, in inner
    response = get_response(request)
               ^^^^^^^^^^^^^^^^^^^^^
  File "/home/ubuntu/vermiculita_qc/venv/lib/python3.11/site-packages/django/utils/deprecation.py", line 119, in __call__
    response = self.process_request(request)
               ^^^^^^^^^^^^^^^^^^^^^^^^^^^^^
  File "/home/ubuntu/vermiculita_qc/venv/lib/python3.11/site-packages/django/middleware/common.py", line 48, in process_request
    host = request.get_host()
           ^^^^^^^^^^^^^^^^^^
  File "/home/ubuntu/vermiculita_qc/venv/lib/python3.11/site-packages/django/http/request.py", line 202, in get_host
    raise DisallowedHost(msg)
django.core.exceptions.DisallowedHost: Invalid HTTP_HOST header: '8000-isozks0bb750se5or2ozh-863b330f.manusvm.computer'. You may need to add '8000-isozks0bb750se5or2ozh-863b330f.manusvm.computer' to ALLOWED_HOSTS.
Invalid HTTP_HOST header: '8000-isozks0bb750se5or2ozh-863b330f.manusvm.computer'. You may need to add '8000-isozks0bb750se5or2ozh-863b330f.manusvm.computer' to ALLOWED_HOSTS.
Traceback (most recent call last):
  File "/home/ubuntu/vermiculita_qc/venv/lib/python3.11/site-packages/django/core/handlers/exception.py", line 55, in inner
    response = get_response(request)
               ^^^^^^^^^^^^^^^^^^^^^
  File "/home/ubuntu/vermiculita_qc/venv/lib/python3.11/site-packages/django/utils/deprecation.py", line 119, in __call__
    response = self.process_request(request)
               ^^^^^^^^^^^^^^^^^^^^^^^^^^^^^
  File "/home/ubuntu/vermiculita_qc/venv/lib/python3.11/site-packages/django/middleware/common.py", line 48, in process_request
    host = request.get_host()
           ^^^^^^^^^^^^^^^^^^
  File "/home/ubuntu/vermiculita_qc/venv/lib/python3.11/site-packages/django/http/request.py", line 202, in get_host
    raise DisallowedHost(msg)
django.core.exceptions.DisallowedHost: Invalid HTTP_HOST header: '8000-isozks0bb750se5or2ozh-863b330f.manusvm.computer'. You may need to add '8000-isozks0bb750se5or2ozh-863b330f.manusvm.computer' to ALLOWED_HOSTS.
Invalid HTTP_HOST header: '8000-isozks0bb750se5or2ozh-863b330f.manusvm.computer'. You may need to add '8000-isozks0bb750se5or2ozh-863b330f.manusvm.computer' to ALLOWED_HOSTS.
Traceback (most recent call last):
  File "/home/ubuntu/vermiculita_qc/venv/lib/python3.11/site-packages/django/core/handlers/exception.py", line 55, in inner
    response = get_response(request)
               ^^^^^^^^^^^^^^^^^^^^^
  File "/home/ubuntu/vermiculita_qc/venv/lib/python3.11/site-packages/django/utils/deprecation.py", line 119, in __call__
    response = self.process_request(request)
               ^^^^^^^^^^^^^^^^^^^^^^^^^^^^^
  File "/home/ubuntu/vermiculita_qc/venv/lib/python3.11/site-packages/django/middleware/common.py", line 48, in process_request
    host = request.get_host()
           ^^^^^^^^^^^^^^^^^^
  File "/home/ubuntu/vermiculita_qc/venv/lib/python3.11/site-packages/django/http/request.py", line 202, in get_host
    raise DisallowedHost(msg)
django.core.exceptions.DisallowedHost: Invalid HTTP_HOST header: '8000-isozks0bb750se5or2ozh-863b330f.manusvm.computer'. You may need to add '8000-isozks0bb750se5or2ozh-863b330f.manusvm.computer' to ALLOWED_HOSTS.
Invalid HTTP_HOST header: '8000-isozks0bb750se5or2ozh-863b330f.manusvm.computer'. You may need to add '8000-isozks0bb750se5or2ozh-863b330f.manusvm.computer' to ALLOWED_HOSTS.
Traceback (most recent call last):
  File "/home/ubuntu/vermiculita_qc/venv/lib/python3.11/site-packages/django/core/handlers/exception.py", line 55, in inner
    response = get_response(request)
               ^^^^^^^^^^^^^^^^^^^^^
  File "/home/ubuntu/vermiculita_qc/venv/lib/python3.11/site-packages/django/utils/deprecation.py", line 119, in __call__
    response = self.process_request(request)
               ^^^^^^^^^^^^^^^^^^^^^^^^^^^^^
  File "/home/ubuntu/vermiculita_qc/venv/lib/python3.11/site-packages/django/middleware/common.py", line 48, in process_request
    host = request.get_host()
           ^^^^^^^^^^^^^^^^^^
  File "/home/ubuntu/vermiculita_qc/venv/lib/python3.11/site-packages/django/http/request.py", line 202, in get_host
    raise DisallowedHost(msg)
django.core.exceptions.DisallowedHost: Invalid HTTP_HOST header: '8000-isozks0bb750se5or2ozh-863b330f.manusvm.computer'. You may need to add '8000-isozks0bb750se5or2ozh-863b330f.manusvm.computer' to ALLOWED_HOSTS.
Invalid HTTP_HOST header: '8000-isozks0bb750se5or2ozh-863b330f.manusvm.computer'. You may need to add '8000-isozks0bb750se5or2ozh-863b330f.manusvm.computer' to ALLOWED_HOSTS.
Traceback (most recent call last):
  File "/home/ubuntu/vermiculita_qc/venv/lib/python3.11/site-packages/django/core/handlers/exception.py", line 55, in inner
    response = get_response(request)
               ^^^^^^^^^^^^^^^^^^^^^
  File "/home/ubuntu/vermiculita_qc/venv/lib/python3.11/site-packages/django/utils/deprecation.py", line 119, in __call__
    response = self.process_request(request)
               ^^^^^^^^^^^^^^^^^^^^^^^^^^^^^
  File "/home/ubuntu/vermiculita_qc/venv/lib/python3.11/site-packages/django/middleware/common.py", line 48, in process_request
    host = request.get_host()
           ^^^^^^^^^^^^^^^^^^
  File "/home/ubuntu/vermiculita_qc/venv/lib/python3.11/site-packages/django/http/request.py", line 202, in get_host
    raise DisallowedHost(msg)
django.core.exceptions.DisallowedHost: Invalid HTTP_HOST header: '8000-isozks0bb750se5or2ozh-863b330f.manusvm.computer'. You may need to add '8000-isozks0bb750se5or2ozh-863b330f.manusvm.computer' to ALLOWED_HOSTS.
Invalid HTTP_HOST header: '8000-isozks0bb750se5or2ozh-863b330f.manusvm.computer'. You may need to add '8000-isozks0bb750se5or2ozh-863b330f.manusvm.computer' to ALLOWED_HOSTS.
Traceback (most recent call last):
  File "/home/ubuntu/vermiculita_qc/venv/lib/python3.11/site-packages/django/core/handlers/exception.py", line 55, in inner
    response = get_response(request)
               ^^^^^^^^^^^^^^^^^^^^^
  File "/home/ubuntu/vermiculita_qc/venv/lib/python3.11/site-packages/django/utils/deprecation.py", line 119, in __call__
    response = self.process_request(request)
               ^^^^^^^^^^^^^^^^^^^^^^^^^^^^^
  File "/home/ubuntu/vermiculita_qc/venv/lib/python3.11/site-packages/django/middleware/common.py", line 48, in process_request
    host = request.get_host()
           ^^^^^^^^^^^^^^^^^^
  File "/home/ubuntu/vermiculita_qc/venv/lib/python3.11/site-packages/django/http/request.py", line 202, in get_host
    raise DisallowedHost(msg)
django.core.exceptions.DisallowedHost: Invalid HTTP_HOST header: '8000-isozks0bb750se5or2ozh-863b330f.manusvm.computer'. You may need to add '8000-isozks0bb750se5or2ozh-863b330f.manusvm.computer' to ALLOWED_HOSTS.
Invalid HTTP_HOST header: '8000-isozks0bb750se5or2ozh-863b330f.manusvm.computer'. You may need to add '8000-isozks0bb750se5or2ozh-863b330f.manusvm.computer' to ALLOWED_HOSTS.
Traceback (most recent call last):
  File "/home/ubuntu/vermiculita_qc/venv/lib/python3.11/site-packages/django/core/handlers/exception.py", line 55, in inner
    response = get_response(request)
               ^^^^^^^^^^^^^^^^^^^^^
  File "/home/ubuntu/vermiculita_qc/venv/lib/python3.11/site-packages/django/utils/deprecation.py", line 119, in __call__
    response = self.process_request(request)
               ^^^^^^^^^^^^^^^^^^^^^^^^^^^^^
  File "/home/ubuntu/vermiculita_qc/venv/lib/python3.11/site-packages/django/middleware/common.py", line 48, in process_request
    host = request.get_host()
           ^^^^^^^^^^^^^^^^^^
  File "/home/ubuntu/vermiculita_qc/venv/lib/python3.11/site-packages/django/http/request.py", line 202, in get_host
    raise DisallowedHost(msg)
django.core.exceptions.DisallowedHost: Invalid HTTP_HOST header: '8000-isozks0bb750se5or2ozh-863b330f.manusvm.computer'. You may need to add '8000-isozks0bb750se5or2ozh-863b330f.manusvm.computer' to ALLOWED_HOSTS.
Invalid HTTP_HOST header: '8000-isozks0bb750se5or2ozh-863b330f.manusvm.computer'. You may need to add '8000-isozks0bb750se5or2ozh-863b330f.manusvm.computer' to ALLOWED_HOSTS.
Traceback (most recent call last):
  File "/home/ubuntu/vermiculita_qc/venv/lib/python3.11/site-packages/django/core/handlers/exception.py", line 55, in inner
    response = get_response(request)
               ^^^^^^^^^^^^^^^^^^^^^
  File "/home/ubuntu/vermiculita_qc/venv/lib/python3.11/site-packages/django/utils/deprecation.py", line 119, in __call__
    response = self.process_request(request)
               ^^^^^^^^^^^^^^^^^^^^^^^^^^^^^
  File "/home/ubuntu/vermiculita_qc/venv/lib/python3.11/site-packages/django/middleware/common.py", line 48, in process_request
    host = request.get_host()
           ^^^^^^^^^^^^^^^^^^
  File "/home/ubuntu/vermiculita_qc/venv/lib/python3.11/site-packages/django/http/request.py", line 202, in get_host
    raise DisallowedHost(msg)
django.core.exceptions.DisallowedHost: Invalid HTTP_HOST header: '8000-isozks0bb750se5or2ozh-863b330f.manusvm.computer'. You may need to add '8000-isozks0bb750se5or2ozh-863b330f.manusvm.computer' to ALLOWED_HOSTS.
Invalid HTTP_HOST header: '8000-isozks0bb750se5or2ozh-863b330f.manusvm.computer'. You may need to add '8000-isozks0bb750se5or2ozh-863b330f.manusvm.computer' to ALLOWED_HOSTS.
Traceback (most recent call last):
  File "/home/ubuntu/vermiculita_qc/venv/lib/python3.11/site-packages/django/core/handlers/exception.py", line 55, in inner
    response = get_response(request)
               ^^^^^^^^^^^^^^^^^^^^^
  File "/home/ubuntu/vermiculita_qc/venv/lib/python3.11/site-packages/django/utils/deprecation.py", line 119, in __call__
    response = self.process_request(request)
               ^^^^^^^^^^^^^^^^^^^^^^^^^^^^^
  File "/home/ubuntu/vermiculita_qc/venv/lib/python3.11/site-packages/django/middleware/common.py", line 48, in process_request
    host = request.get_host()
           ^^^^^^^^^^^^^^^^^^
  File "/home/ubuntu/vermiculita_qc/venv/lib/python3.11/site-packages/django/http/request.py", line 202, in get_host
    raise DisallowedHost(msg)
django.core.exceptions.DisallowedHost: Invalid HTTP_HOST header: '8000-isozks0bb750se5or2ozh-863b330f.manusvm.computer'. You may need to add '8000-isozks0bb750se5or2ozh-863b330f.manusvm.computer' to ALLOWED_HOSTS.
Invalid HTTP_HOST header: '8000-isozks0bb750se5or2ozh-863b330f.manusvm.computer'. You may need to add '8000-isozks0bb750se5or2ozh-863b330f.manusvm.computer' to ALLOWED_HOSTS.
Traceback (most recent call last):
  File "/home/ubuntu/vermiculita_qc/venv/lib/python3.11/site-packages/django/core/handlers/exception.py", line 55, in inner
    response = get_response(request)
               ^^^^^^^^^^^^^^^^^^^^^
  File "/home/ubuntu/vermiculita_qc/venv/lib/python3.11/site-packages/django/utils/deprecation.py", line 119, in __call__
    response = self.process_request(request)
               ^^^^^^^^^^^^^^^^^^^^^^^^^^^^^
  File "/home/ubuntu/vermiculita_qc/venv/lib/python3.11/site-packages/django/middleware/common.py", line 48, in process_request
    host = request.get_host()
           ^^^^^^^^^^^^^^^^^^
  File "/home/ubuntu/vermiculita_qc/venv/lib/python3.11/site-packages/django/http/request.py", line 202, in get_host
    raise DisallowedHost(msg)
django.core.exceptions.DisallowedHost: Invalid HTTP_HOST header: '8000-isozks0bb750se5or2ozh-863b330f.manusvm.computer'. You may need to add '8000-isozks0bb750se5or2ozh-863b330f.manusvm.computer' to ALLOWED_HOSTS.
Invalid HTTP_HOST header: '8000-isozks0bb750se5or2ozh-863b330f.manusvm.computer'. You may need to add '8000-isozks0bb750se5or2ozh-863b330f.manusvm.computer' to ALLOWED_HOSTS.
Traceback (most recent call last):
  File "/home/ubuntu/vermiculita_qc/venv/lib/python3.11/site-packages/django/core/handlers/exception.py", line 55, in inner
    response = get_response(request)
               ^^^^^^^^^^^^^^^^^^^^^
  File "/home/ubuntu/vermiculita_qc/venv/lib/python3.11/site-packages/django/utils/deprecation.py", line 119, in __call__
    response = self.process_request(request)
               ^^^^^^^^^^^^^^^^^^^^^^^^^^^^^
  File "/home/ubuntu/vermiculita_qc/venv/lib/python3.11/site-packages/django/middleware/common.py", line 48, in process_request
    host = request.get_host()
           ^^^^^^^^^^^^^^^^^^
  File "/home/ubuntu/vermiculita_qc/venv/lib/python3.11/site-packages/django/http/request.py", line 202, in get_host
    raise DisallowedHost(msg)
django.core.exceptions.DisallowedHost: Invalid HTTP_HOST header: '8000-isozks0bb750se5or2ozh-863b330f.manusvm.computer'. You may need to add '8000-isozks0bb750se5or2ozh-863b330f.manusvm.computer' to ALLOWED_HOSTS.
Invalid HTTP_HOST header: '8000-isozks0bb750se5or2ozh-863b330f.manusvm.computer'. You may need to add '8000-isozks0bb750se5or2ozh-863b330f.manusvm.computer' to ALLOWED_HOSTS.
Traceback (most recent call last):
  File "/home/ubuntu/vermiculita_qc/venv/lib/python3.11/site-packages/django/core/handlers/exception.py", line 55, in inner
    response = get_response(request)
               ^^^^^^^^^^^^^^^^^^^^^
  File "/home/ubuntu/vermiculita_qc/venv/lib/python3.11/site-packages/django/utils/deprecation.py", line 119, in __call__
    response = self.process_request(request)
               ^^^^^^^^^^^^^^^^^^^^^^^^^^^^^
  File "/home/ubuntu/vermiculita_qc/venv/lib/python3.11/site-packages/django/middleware/common.py", line 48, in process_request
    host = request.get_host()
           ^^^^^^^^^^^^^^^^^^
  File "/home/ubuntu/vermiculita_qc/venv/lib/python3.11/site-packages/django/http/request.py", line 202, in get_host
    raise DisallowedHost(msg)
django.core.exceptions.DisallowedHost: Invalid HTTP_HOST header: '8000-isozks0bb750se5or2ozh-863b330f.manusvm.computer'. You may need to add '8000-isozks0bb750se5or2ozh-863b330f.manusvm.computer' to ALLOWED_HOSTS.
Invalid HTTP_HOST header: '8000-isozks0bb750se5or2ozh-863b330f.manusvm.computer'. You may need to add '8000-isozks0bb750se5or2ozh-863b330f.manusvm.computer' to ALLOWED_HOSTS.
Traceback (most recent call last):
  File "/home/ubuntu/vermiculita_qc/venv/lib/python3.11/site-packages/django/core/handlers/exception.py", line 55, in inner
    response = get_response(request)
               ^^^^^^^^^^^^^^^^^^^^^
  File "/home/ubuntu/vermiculita_qc/venv/lib/python3.11/site-packages/django/utils/deprecation.py", line 119, in __call__
    response = self.process_request(request)
               ^^^^^^^^^^^^^^^^^^^^^^^^^^^^^
  File "/home/ubuntu/vermiculita_qc/venv/lib/python3.11/site-packages/django/middleware/common.py", line 48, in process_request
    host = request.get_host()
           ^^^^^^^^^^^^^^^^^^
  File "/home/ubuntu/vermiculita_qc/venv/lib/python3.11/site-packages/django/http/request.py", line 202, in get_host
    raise DisallowedHost(msg)
django.core.exceptions.DisallowedHost: Invalid HTTP_HOST header: '8000-isozks0bb750se5or2ozh-863b330f.manusvm.computer'. You may need to add '8000-isozks0bb750se5or2ozh-863b330f.manusvm.computer' to ALLOWED_HOSTS.
Invalid HTTP_HOST header: '8000-isozks0bb750se5or2ozh-863b330f.manusvm.computer'. You may need to add '8000-isozks0bb750se5or2ozh-863b330f.manusvm.computer' to ALLOWED_HOSTS.
Traceback (most recent call last):
  File "/home/ubuntu/vermiculita_qc/venv/lib/python3.11/site-packages/django/core/handlers/exception.py", line 55, in inner
    response = get_response(request)
               ^^^^^^^^^^^^^^^^^^^^^
  File "/home/ubuntu/vermiculita_qc/venv/lib/python3.11/site-packages/django/utils/deprecation.py", line 119, in __call__
    response = self.process_request(request)
               ^^^^^^^^^^^^^^^^^^^^^^^^^^^^^
  File "/home/ubuntu/vermiculita_qc/venv/lib/python3.11/site-packages/django/middleware/common.py", line 48, in process_request
    host = request.get_host()
           ^^^^^^^^^^^^^^^^^^
  File "/home/ubuntu/vermiculita_qc/venv/lib/python3.11/site-packages/django/http/request.py", line 202, in get_host
    raise DisallowedHost(msg)
django.core.exceptions.DisallowedHost: Invalid HTTP_HOST header: '8000-isozks0bb750se5or2ozh-863b330f.manusvm.computer'. You may need to add '8000-isozks0bb750se5or2ozh-863b330f.manusvm.computer' to ALLOWED_HOSTS.
Invalid HTTP_HOST header: '8000-isozks0bb750se5or2ozh-863b330f.manusvm.computer'. You may need to add '8000-isozks0bb750se5or2ozh-863b330f.manusvm.computer' to ALLOWED_HOSTS.
Traceback (most recent call last):
  File "/home/ubuntu/vermiculita_qc/venv/lib/python3.11/site-packages/django/core/handlers/exception.py", line 55, in inner
    response = get_response(request)
               ^^^^^^^^^^^^^^^^^^^^^
  File "/home/ubuntu/vermiculita_qc/venv/lib/python3.11/site-packages/django/utils/deprecation.py", line 119, in __call__
    response = self.process_request(request)
               ^^^^^^^^^^^^^^^^^^^^^^^^^^^^^
  File "/home/ubuntu/vermiculita_qc/venv/lib/python3.11/site-packages/django/middleware/common.py", line 48, in process_request
    host = request.get_host()
           ^^^^^^^^^^^^^^^^^^
  File "/home/ubuntu/vermiculita_qc/venv/lib/python3.11/site-packages/django/http/request.py", line 202, in get_host
    raise DisallowedHost(msg)
django.core.exceptions.DisallowedHost: Invalid HTTP_HOST header: '8000-isozks0bb750se5or2ozh-863b330f.manusvm.computer'. You may need to add '8000-isozks0bb750se5or2ozh-863b330f.manusvm.computer' to ALLOWED_HOSTS.
Invalid HTTP_HOST header: '8000-isozks0bb750se5or2ozh-863b330f.manusvm.computer'. You may need to add '8000-isozks0bb750se5or2ozh-863b330f.manusvm.computer' to ALLOWED_HOSTS.
Traceback (most recent call last):
  File "/home/ubuntu/vermiculita_qc/venv/lib/python3.11/site-packages/django/core/handlers/exception.py", line 55, in inner
    response = get_response(request)
               ^^^^^^^^^^^^^^^^^^^^^
  File "/home/ubuntu/vermiculita_qc/venv/lib/python3.11/site-packages/django/utils/deprecation.py", line 119, in __call__
    response = self.process_request(request)
               ^^^^^^^^^^^^^^^^^^^^^^^^^^^^^
  File "/home/ubuntu/vermiculita_qc/venv/lib/python3.11/site-packages/django/middleware/common.py", line 48, in process_request
    host = request.get_host()
           ^^^^^^^^^^^^^^^^^^
  File "/home/ubuntu/vermiculita_qc/venv/lib/python3.11/site-packages/django/http/request.py", line 202, in get_host
    raise DisallowedHost(msg)
django.core.exceptions.DisallowedHost: Invalid HTTP_HOST header: '8000-isozks0bb750se5or2ozh-863b330f.manusvm.computer'. You may need to add '8000-isozks0bb750se5or2ozh-863b330f.manusvm.computer' to ALLOWED_HOSTS.
Invalid HTTP_HOST header: '8000-isozks0bb750se5or2ozh-863b330f.manusvm.computer'. You may need to add '8000-isozks0bb750se5or2ozh-863b330f.manusvm.computer' to ALLOWED_HOSTS.
Traceback (most recent call last):
  File "/home/ubuntu/vermiculita_qc/venv/lib/python3.11/site-packages/django/core/handlers/exception.py", line 55, in inner
    response = get_response(request)
               ^^^^^^^^^^^^^^^^^^^^^
  File "/home/ubuntu/vermiculita_qc/venv/lib/python3.11/site-packages/django/utils/deprecation.py", line 119, in __call__
    response = self.process_request(request)
               ^^^^^^^^^^^^^^^^^^^^^^^^^^^^^
  File "/home/ubuntu/vermiculita_qc/venv/lib/python3.11/site-packages/django/middleware/common.py", line 48, in process_request
    host = request.get_host()
           ^^^^^^^^^^^^^^^^^^
  File "/home/ubuntu/vermiculita_qc/venv/lib/python3.11/site-packages/django/http/request.py", line 202, in get_host
    raise DisallowedHost(msg)
django.core.exceptions.DisallowedHost: Invalid HTTP_HOST header: '8000-isozks0bb750se5or2ozh-863b330f.manusvm.computer'. You may need to add '8000-isozks0bb750se5or2ozh-863b330f.manusvm.computer' to ALLOWED_HOSTS.
Invalid HTTP_HOST header: '8000-isozks0bb750se5or2ozh-863b330f.manusvm.computer'. You may need to add '8000-isozks0bb750se5or2ozh-863b330f.manusvm.computer' to ALLOWED_HOSTS.
Traceback (most recent call last):
  File "/home/ubuntu/vermiculita_qc/venv/lib/python3.11/site-packages/django/core/handlers/exception.py", line 55, in inner
    response = get_response(request)
               ^^^^^^^^^^^^^^^^^^^^^
  File "/home/ubuntu/vermiculita_qc/venv/lib/python3.11/site-packages/django/utils/deprecation.py", line 119, in __call__
    response = self.process_request(request)
               ^^^^^^^^^^^^^^^^^^^^^^^^^^^^^
  File "/home/ubuntu/vermiculita_qc/venv/lib/python3.11/site-packages/django/middleware/common.py", line 48, in process_request
    host = request.get_host()
           ^^^^^^^^^^^^^^^^^^
  File "/home/ubuntu/vermiculita_qc/venv/lib/python3.11/site-packages/django/http/request.py", line 202, in get_host
    raise DisallowedHost(msg)
django.core.exceptions.DisallowedHost: Invalid HTTP_HOST header: '8000-isozks0bb750se5or2ozh-863b330f.manusvm.computer'. You may need to add '8000-isozks0bb750se5or2ozh-863b330f.manusvm.computer' to ALLOWED_HOSTS.
Invalid HTTP_HOST header: '8000-isozks0bb750se5or2ozh-863b330f.manusvm.computer'. You may need to add '8000-isozks0bb750se5or2ozh-863b330f.manusvm.computer' to ALLOWED_HOSTS.
Traceback (most recent call last):
  File "/home/ubuntu/vermiculita_qc/venv/lib/python3.11/site-packages/django/core/handlers/exception.py", line 55, in inner
    response = get_response(request)
               ^^^^^^^^^^^^^^^^^^^^^
  File "/home/ubuntu/vermiculita_qc/venv/lib/python3.11/site-packages/django/utils/deprecation.py", line 119, in __call__
    response = self.process_request(request)
               ^^^^^^^^^^^^^^^^^^^^^^^^^^^^^
  File "/home/ubuntu/vermiculita_qc/venv/lib/python3.11/site-packages/django/middleware/common.py", line 48, in process_request
    host = request.get_host()
           ^^^^^^^^^^^^^^^^^^
  File "/home/ubuntu/vermiculita_qc/venv/lib/python3.11/site-packages/django/http/request.py", line 202, in get_host
    raise DisallowedHost(msg)
django.core.exceptions.DisallowedHost: Invalid HTTP_HOST header: '8000-isozks0bb750se5or2ozh-863b330f.manusvm.computer'. You may need to add '8000-isozks0bb750se5or2ozh-863b330f.manusvm.computer' to ALLOWED_HOSTS.
Watching for file changes with StatReloader
Invalid HTTP_HOST header: '8000-isozks0bb750se5or2ozh-863b330f.manusvm.computer'. You may need to add '8000-isozks0bb750se5or2ozh-863b330f.manusvm.computer' to ALLOWED_HOSTS.
Traceback (most recent call last):
  File "/home/ubuntu/vermiculita_qc/venv/lib/python3.11/site-packages/django/core/handlers/exception.py", line 55, in inner
    response = get_response(request)
               ^^^^^^^^^^^^^^^^^^^^^
  File "/home/ubuntu/vermiculita_qc/venv/lib/python3.11/site-packages/django/utils/deprecation.py", line 119, in __call__
    response = self.process_request(request)
               ^^^^^^^^^^^^^^^^^^^^^^^^^^^^^
  File "/home/ubuntu/vermiculita_qc/venv/lib/python3.11/site-packages/django/middleware/common.py", line 48, in process_request
    host = request.get_host()
           ^^^^^^^^^^^^^^^^^^
  File "/home/ubuntu/vermiculita_qc/venv/lib/python3.11/site-packages/django/http/request.py", line 202, in get_host
    raise DisallowedHost(msg)
django.core.exceptions.DisallowedHost: Invalid HTTP_HOST header: '8000-isozks0bb750se5or2ozh-863b330f.manusvm.computer'. You may need to add '8000-isozks0bb750se5or2ozh-863b330f.manusvm.computer' to ALLOWED_HOSTS.
Invalid HTTP_HOST header: '8000-isozks0bb750se5or2ozh-863b330f.manusvm.computer'. You may need to add '8000-isozks0bb750se5or2ozh-863b330f.manusvm.computer' to ALLOWED_HOSTS.
Traceback (most recent call last):
  File "/home/ubuntu/vermiculita_qc/venv/lib/python3.11/site-packages/django/core/handlers/exception.py", line 55, in inner
    response = get_response(request)
               ^^^^^^^^^^^^^^^^^^^^^
  File "/home/ubuntu/vermiculita_qc/venv/lib/python3.11/site-packages/django/utils/deprecation.py", line 119, in __call__
    response = self.process_request(request)
               ^^^^^^^^^^^^^^^^^^^^^^^^^^^^^
  File "/home/ubuntu/vermiculita_qc/venv/lib/python3.11/site-packages/django/middleware/common.py", line 48, in process_request
    host = request.get_host()
           ^^^^^^^^^^^^^^^^^^
  File "/home/ubuntu/vermiculita_qc/venv/lib/python3.11/site-packages/django/http/request.py", line 202, in get_host
    raise DisallowedHost(msg)
django.core.exceptions.DisallowedHost: Invalid HTTP_HOST header: '8000-isozks0bb750se5or2ozh-863b330f.manusvm.computer'. You may need to add '8000-isozks0bb750se5or2ozh-863b330f.manusvm.computer' to ALLOWED_HOSTS.
Invalid HTTP_HOST header: '8000-isozks0bb750se5or2ozh-863b330f.manusvm.computer'. You may need to add '8000-isozks0bb750se5or2ozh-863b330f.manusvm.computer' to ALLOWED_HOSTS.
Traceback (most recent call last):
  File "/home/ubuntu/vermiculita_qc/venv/lib/python3.11/site-packages/django/core/handlers/exception.py", line 55, in inner
    response = get_response(request)
               ^^^^^^^^^^^^^^^^^^^^^
  File "/home/ubuntu/vermiculita_qc/venv/lib/python3.11/site-packages/django/utils/deprecation.py", line 119, in __call__
    response = self.process_request(request)
               ^^^^^^^^^^^^^^^^^^^^^^^^^^^^^
  File "/home/ubuntu/vermiculita_qc/venv/lib/python3.11/site-packages/django/middleware/common.py", line 48, in process_request
    host = request.get_host()
           ^^^^^^^^^^^^^^^^^^
  File "/home/ubuntu/vermiculita_qc/venv/lib/python3.11/site-packages/django/http/request.py", line 202, in get_host
    raise DisallowedHost(msg)
django.core.exceptions.DisallowedHost: Invalid HTTP_HOST header: '8000-isozks0bb750se5or2ozh-863b330f.manusvm.computer'. You may need to add '8000-isozks0bb750se5or2ozh-863b330f.manusvm.computer' to ALLOWED_HOSTS.
Invalid HTTP_HOST header: '8000-isozks0bb750se5or2ozh-863b330f.manusvm.computer'. You may need to add '8000-isozks0bb750se5or2ozh-863b330f.manusvm.computer' to ALLOWED_HOSTS.
Traceback (most recent call last):
  File "/home/ubuntu/vermiculita_qc/venv/lib/python3.11/site-packages/django/core/handlers/exception.py", line 55, in inner
    response = get_response(request)
               ^^^^^^^^^^^^^^^^^^^^^
  File "/home/ubuntu/vermiculita_qc/venv/lib/python3.11/site-packages/django/utils/deprecation.py", line 119, in __call__
    response = self.process_request(request)
               ^^^^^^^^^^^^^^^^^^^^^^^^^^^^^
  File "/home/ubuntu/vermiculita_qc/venv/lib/python3.11/site-packages/django/middleware/common.py", line 48, in process_request
    host = request.get_host()
           ^^^^^^^^^^^^^^^^^^
  File "/home/ubuntu/vermiculita_qc/venv/lib/python3.11/site-packages/django/http/request.py", line 202, in get_host
    raise DisallowedHost(msg)
django.core.exceptions.DisallowedHost: Invalid HTTP_HOST header: '8000-isozks0bb750se5or2ozh-863b330f.manusvm.computer'. You may need to add '8000-isozks0bb750se5or2ozh-863b330f.manusvm.computer' to ALLOWED_HOSTS.
Invalid HTTP_HOST header: '8000-isozks0bb750se5or2ozh-863b330f.manusvm.computer'. You may need to add '8000-isozks0bb750se5or2ozh-863b330f.manusvm.computer' to ALLOWED_HOSTS.
Traceback (most recent call last):
  File "/home/ubuntu/vermiculita_qc/venv/lib/python3.11/site-packages/django/core/handlers/exception.py", line 55, in inner
    response = get_response(request)
               ^^^^^^^^^^^^^^^^^^^^^
  File "/home/ubuntu/vermiculita_qc/venv/lib/python3.11/site-packages/django/utils/deprecation.py", line 119, in __call__
    response = self.process_request(request)
               ^^^^^^^^^^^^^^^^^^^^^^^^^^^^^
  File "/home/ubuntu/vermiculita_qc/venv/lib/python3.11/site-packages/django/middleware/common.py", line 48, in process_request
    host = request.get_host()
           ^^^^^^^^^^^^^^^^^^
  File "/home/ubuntu/vermiculita_qc/venv/lib/python3.11/site-packages/django/http/request.py", line 202, in get_host
    raise DisallowedHost(msg)
django.core.exceptions.DisallowedHost: Invalid HTTP_HOST header: '8000-isozks0bb750se5or2ozh-863b330f.manusvm.computer'. You may need to add '8000-isozks0bb750se5or2ozh-863b330f.manusvm.computer' to ALLOWED_HOSTS.
Invalid HTTP_HOST header: '8000-isozks0bb750se5or2ozh-863b330f.manusvm.computer'. You may need to add '8000-isozks0bb750se5or2ozh-863b330f.manusvm.computer' to ALLOWED_HOSTS.
Traceback (most recent call last):
  File "/home/ubuntu/vermiculita_qc/venv/lib/python3.11/site-packages/django/core/handlers/exception.py", line 55, in inner
    response = get_response(request)
               ^^^^^^^^^^^^^^^^^^^^^
  File "/home/ubuntu/vermiculita_qc/venv/lib/python3.11/site-packages/django/utils/deprecation.py", line 119, in __call__
    response = self.process_request(request)
               ^^^^^^^^^^^^^^^^^^^^^^^^^^^^^
  File "/home/ubuntu/vermiculita_qc/venv/lib/python3.11/site-packages/django/middleware/common.py", line 48, in process_request
    host = request.get_host()
           ^^^^^^^^^^^^^^^^^^
  File "/home/ubuntu/vermiculita_qc/venv/lib/python3.11/site-packages/django/http/request.py", line 202, in get_host
    raise DisallowedHost(msg)
django.core.exceptions.DisallowedHost: Invalid HTTP_HOST header: '8000-isozks0bb750se5or2ozh-863b330f.manusvm.computer'. You may need to add '8000-isozks0bb750se5or2ozh-863b330f.manusvm.computer' to ALLOWED_HOSTS.
Invalid HTTP_HOST header: '8000-isozks0bb750se5or2ozh-863b330f.manusvm.computer'. You may need to add '8000-isozks0bb750se5or2ozh-863b330f.manusvm.computer' to ALLOWED_HOSTS.
Traceback (most recent call last):
  File "/home/ubuntu/vermiculita_qc/venv/lib/python3.11/site-packages/django/core/handlers/exception.py", line 55, in inner
    response = get_response(request)
               ^^^^^^^^^^^^^^^^^^^^^
  File "/home/ubuntu/vermiculita_qc/venv/lib/python3.11/site-packages/django/utils/deprecation.py", line 119, in __call__
    response = self.process_request(request)
               ^^^^^^^^^^^^^^^^^^^^^^^^^^^^^
  File "/home/ubuntu/vermiculita_qc/venv/lib/python3.11/site-packages/django/middleware/common.py", line 48, in process_request
    host = request.get_host()
           ^^^^^^^^^^^^^^^^^^
  File "/home/ubuntu/vermiculita_qc/venv/lib/python3.11/site-packages/django/http/request.py", line 202, in get_host
    raise DisallowedHost(msg)
django.core.exceptions.DisallowedHost: Invalid HTTP_HOST header: '8000-isozks0bb750se5or2ozh-863b330f.manusvm.computer'. You may need to add '8000-isozks0bb750se5or2ozh-863b330f.manusvm.computer' to ALLOWED_HOSTS.
Invalid HTTP_HOST header: '8000-isozks0bb750se5or2ozh-863b330f.manusvm.computer'. You may need to add '8000-isozks0bb750se5or2ozh-863b330f.manusvm.computer' to ALLOWED_HOSTS.
Traceback (most recent call last):
  File "/home/ubuntu/vermiculita_qc/venv/lib/python3.11/site-packages/django/core/handlers/exception.py", line 55, in inner
    response = get_response(request)
               ^^^^^^^^^^^^^^^^^^^^^
  File "/home/ubuntu/vermiculita_qc/venv/lib/python3.11/site-packages/django/utils/deprecation.py", line 119, in __call__
    response = self.process_request(request)
               ^^^^^^^^^^^^^^^^^^^^^^^^^^^^^
  File "/home/ubuntu/vermiculita_qc/venv/lib/python3.11/site-packages/django/middleware/common.py", line 48, in process_request
    host = request.get_host()
           ^^^^^^^^^^^^^^^^^^
  File "/home/ubuntu/vermiculita_qc/venv/lib/python3.11/site-packages/django/http/request.py", line 202, in get_host
    raise DisallowedHost(msg)
django.core.exceptions.DisallowedHost: Invalid HTTP_HOST header: '8000-isozks0bb750se5or2ozh-863b330f.manusvm.computer'. You may need to add '8000-isozks0bb750se5or2ozh-863b330f.manusvm.computer' to ALLOWED_HOSTS.
Invalid HTTP_HOST header: '8000-isozks0bb750se5or2ozh-863b330f.manusvm.computer'. You may need to add '8000-isozks0bb750se5or2ozh-863b330f.manusvm.computer' to ALLOWED_HOSTS.
Traceback (most recent call last):
  File "/home/ubuntu/vermiculita_qc/venv/lib/python3.11/site-packages/django/core/handlers/exception.py", line 55, in inner
    response = get_response(request)
               ^^^^^^^^^^^^^^^^^^^^^
  File "/home/ubuntu/vermiculita_qc/venv/lib/python3.11/site-packages/django/utils/deprecation.py", line 119, in __call__
    response = self.process_request(request)
               ^^^^^^^^^^^^^^^^^^^^^^^^^^^^^
  File "/home/ubuntu/vermiculita_qc/venv/lib/python3.11/site-packages/django/middleware/common.py", line 48, in process_request
    host = request.get_host()
           ^^^^^^^^^^^^^^^^^^
  File "/home/ubuntu/vermiculita_qc/venv/lib/python3.11/site-packages/django/http/request.py", line 202, in get_host
    raise DisallowedHost(msg)
django.core.exceptions.DisallowedHost: Invalid HTTP_HOST header: '8000-isozks0bb750se5or2ozh-863b330f.manusvm.computer'. You may need to add '8000-isozks0bb750se5or2ozh-863b330f.manusvm.computer' to ALLOWED_HOSTS.
Watching for file changes with StatReloader
Internal Server Error: /
Traceback (most recent call last):
  File "/home/ubuntu/vermiculita_qc/venv/lib/python3.11/site-packages/django/core/handlers/exception.py", line 55, in inner
    response = get_response(request)
               ^^^^^^^^^^^^^^^^^^^^^
  File "/home/ubuntu/vermiculita_qc/venv/lib/python3.11/site-packages/django/core/handlers/base.py", line 220, in _get_response
    response = response.render()
               ^^^^^^^^^^^^^^^^^
  File "/home/ubuntu/vermiculita_qc/venv/lib/python3.11/site-packages/django/template/response.py", line 114, in render
    self.content = self.rendered_content
                   ^^^^^^^^^^^^^^^^^^^^^
  File "/home/ubuntu/vermiculita_qc/venv/lib/python3.11/site-packages/django/template/response.py", line 90, in rendered_content
    template = self.resolve_template(self.template_name)
               ^^^^^^^^^^^^^^^^^^^^^^^^^^^^^^^^^^^^^^^^^
  File "/home/ubuntu/vermiculita_qc/venv/lib/python3.11/site-packages/django/template/response.py", line 72, in resolve_template
    return select_template(template, using=self.using)
           ^^^^^^^^^^^^^^^^^^^^^^^^^^^^^^^^^^^^^^^^^^^
  File "/home/ubuntu/vermiculita_qc/venv/lib/python3.11/site-packages/django/template/loader.py", line 47, in select_template
    raise TemplateDoesNotExist(", ".join(template_name_list), chain=chain)
django.template.exceptions.TemplateDoesNotExist: core/home.html
Internal Server Error: /
Traceback (most recent call last):
  File "/home/ubuntu/vermiculita_qc/venv/lib/python3.11/site-packages/django/core/handlers/exception.py", line 55, in inner
    response = get_response(request)
               ^^^^^^^^^^^^^^^^^^^^^
  File "/home/ubuntu/vermiculita_qc/venv/lib/python3.11/site-packages/django/core/handlers/base.py", line 220, in _get_response
    response = response.render()
               ^^^^^^^^^^^^^^^^^
  File "/home/ubuntu/vermiculita_qc/venv/lib/python3.11/site-packages/django/template/response.py", line 114, in render
    self.content = self.rendered_content
                   ^^^^^^^^^^^^^^^^^^^^^
  File "/home/ubuntu/vermiculita_qc/venv/lib/python3.11/site-packages/django/template/response.py", line 90, in rendered_content
    template = self.resolve_template(self.template_name)
               ^^^^^^^^^^^^^^^^^^^^^^^^^^^^^^^^^^^^^^^^^
  File "/home/ubuntu/vermiculita_qc/venv/lib/python3.11/site-packages/django/template/response.py", line 72, in resolve_template
    return select_template(template, using=self.using)
           ^^^^^^^^^^^^^^^^^^^^^^^^^^^^^^^^^^^^^^^^^^^
  File "/home/ubuntu/vermiculita_qc/venv/lib/python3.11/site-packages/django/template/loader.py", line 47, in select_template
    raise TemplateDoesNotExist(", ".join(template_name_list), chain=chain)
django.template.exceptions.TemplateDoesNotExist: core/home.html
Internal Server Error: /
Traceback (most recent call last):
  File "/home/ubuntu/vermiculita_qc/venv/lib/python3.11/site-packages/django/core/handlers/exception.py", line 55, in inner
    response = get_response(request)
               ^^^^^^^^^^^^^^^^^^^^^
  File "/home/ubuntu/vermiculita_qc/venv/lib/python3.11/site-packages/django/core/handlers/base.py", line 220, in _get_response
    response = response.render()
               ^^^^^^^^^^^^^^^^^
  File "/home/ubuntu/vermiculita_qc/venv/lib/python3.11/site-packages/django/template/response.py", line 114, in render
    self.content = self.rendered_content
                   ^^^^^^^^^^^^^^^^^^^^^
  File "/home/ubuntu/vermiculita_qc/venv/lib/python3.11/site-packages/django/template/response.py", line 90, in rendered_content
    template = self.resolve_template(self.template_name)
               ^^^^^^^^^^^^^^^^^^^^^^^^^^^^^^^^^^^^^^^^^
  File "/home/ubuntu/vermiculita_qc/venv/lib/python3.11/site-packages/django/template/response.py", line 72, in resolve_template
    return select_template(template, using=self.using)
           ^^^^^^^^^^^^^^^^^^^^^^^^^^^^^^^^^^^^^^^^^^^
  File "/home/ubuntu/vermiculita_qc/venv/lib/python3.11/site-packages/django/template/loader.py", line 47, in select_template
    raise TemplateDoesNotExist(", ".join(template_name_list), chain=chain)
django.template.exceptions.TemplateDoesNotExist: core/home.html
Internal Server Error: /
Traceback (most recent call last):
  File "/home/ubuntu/vermiculita_qc/venv/lib/python3.11/site-packages/django/core/handlers/exception.py", line 55, in inner
    response = get_response(request)
               ^^^^^^^^^^^^^^^^^^^^^
  File "/home/ubuntu/vermiculita_qc/venv/lib/python3.11/site-packages/django/core/handlers/base.py", line 220, in _get_response
    response = response.render()
               ^^^^^^^^^^^^^^^^^
  File "/home/ubuntu/vermiculita_qc/venv/lib/python3.11/site-packages/django/template/response.py", line 114, in render
    self.content = self.rendered_content
                   ^^^^^^^^^^^^^^^^^^^^^
  File "/home/ubuntu/vermiculita_qc/venv/lib/python3.11/site-packages/django/template/response.py", line 90, in rendered_content
    template = self.resolve_template(self.template_name)
               ^^^^^^^^^^^^^^^^^^^^^^^^^^^^^^^^^^^^^^^^^
  File "/home/ubuntu/vermiculita_qc/venv/lib/python3.11/site-packages/django/template/response.py", line 72, in resolve_template
    return select_template(template, using=self.using)
           ^^^^^^^^^^^^^^^^^^^^^^^^^^^^^^^^^^^^^^^^^^^
  File "/home/ubuntu/vermiculita_qc/venv/lib/python3.11/site-packages/django/template/loader.py", line 47, in select_template
    raise TemplateDoesNotExist(", ".join(template_name_list), chain=chain)
django.template.exceptions.TemplateDoesNotExist: core/home.html
Not Found: /favicon.ico
Internal Server Error: /
Traceback (most recent call last):
  File "/home/ubuntu/vermiculita_qc/venv/lib/python3.11/site-packages/django/core/handlers/exception.py", line 55, in inner
    response = get_response(request)
               ^^^^^^^^^^^^^^^^^^^^^
  File "/home/ubuntu/vermiculita_qc/venv/lib/python3.11/site-packages/django/core/handlers/base.py", line 220, in _get_response
    response = response.render()
               ^^^^^^^^^^^^^^^^^
  File "/home/ubuntu/vermiculita_qc/venv/lib/python3.11/site-packages/django/template/response.py", line 114, in render
    self.content = self.rendered_content
                   ^^^^^^^^^^^^^^^^^^^^^
  File "/home/ubuntu/vermiculita_qc/venv/lib/python3.11/site-packages/django/template/response.py", line 90, in rendered_content
    template = self.resolve_template(self.template_name)
               ^^^^^^^^^^^^^^^^^^^^^^^^^^^^^^^^^^^^^^^^^
  File "/home/ubuntu/vermiculita_qc/venv/lib/python3.11/site-packages/django/template/response.py", line 72, in resolve_template
    return select_template(template, using=self.using)
           ^^^^^^^^^^^^^^^^^^^^^^^^^^^^^^^^^^^^^^^^^^^
  File "/home/ubuntu/vermiculita_qc/venv/lib/python3.11/site-packages/django/template/loader.py", line 47, in select_template
    raise TemplateDoesNotExist(", ".join(template_name_list), chain=chain)
django.template.exceptions.TemplateDoesNotExist: core/home.html
Not Found: /favicon.ico
Watching for file changes with StatReloader
Watching for file changes with StatReloader
Forbidden (CSRF cookie not set.): /
Forbidden (CSRF cookie not set.): /
Forbidden (CSRF cookie not set.): /
Forbidden (CSRF cookie not set.): /
Forbidden (CSRF cookie not set.): /
Not Found: /qc/reports/
Not Found: /accounts/login/
Not Found: /qc/reports/
Not Found: /accounts/login/
Not Found: /accounts/login/
Internal Server Error: /
Traceback (most recent call last):
  File "/home/ubuntu/vermiculita_qc/venv/lib/python3.11/site-packages/django/core/handlers/exception.py", line 55, in inner
    response = get_response(request)
               ^^^^^^^^^^^^^^^^^^^^^
  File "/home/ubuntu/vermiculita_qc/venv/lib/python3.11/site-packages/django/core/handlers/base.py", line 220, in _get_response
    response = response.render()
               ^^^^^^^^^^^^^^^^^
  File "/home/ubuntu/vermiculita_qc/venv/lib/python3.11/site-packages/django/template/response.py", line 114, in render
    self.content = self.rendered_content
                   ^^^^^^^^^^^^^^^^^^^^^
  File "/home/ubuntu/vermiculita_qc/venv/lib/python3.11/site-packages/django/template/response.py", line 90, in rendered_content
    template = self.resolve_template(self.template_name)
               ^^^^^^^^^^^^^^^^^^^^^^^^^^^^^^^^^^^^^^^^^
  File "/home/ubuntu/vermiculita_qc/venv/lib/python3.11/site-packages/django/template/response.py", line 72, in resolve_template
    return select_template(template, using=self.using)
           ^^^^^^^^^^^^^^^^^^^^^^^^^^^^^^^^^^^^^^^^^^^
  File "/home/ubuntu/vermiculita_qc/venv/lib/python3.11/site-packages/django/template/loader.py", line 47, in select_template
    raise TemplateDoesNotExist(", ".join(template_name_list), chain=chain)
django.template.exceptions.TemplateDoesNotExist: core/home.html
Not Found: /accounts/login/
Internal Server Error: /
Traceback (most recent call last):
  File "/home/ubuntu/vermiculita_qc/venv/lib/python3.11/site-packages/django/core/handlers/exception.py", line 55, in inner
    response = get_response(request)
               ^^^^^^^^^^^^^^^^^^^^^
  File "/home/ubuntu/vermiculita_qc/venv/lib/python3.11/site-packages/django/core/handlers/base.py", line 220, in _get_response
    response = response.render()
               ^^^^^^^^^^^^^^^^^
  File "/home/ubuntu/vermiculita_qc/venv/lib/python3.11/site-packages/django/template/response.py", line 114, in render
    self.content = self.rendered_content
                   ^^^^^^^^^^^^^^^^^^^^^
  File "/home/ubuntu/vermiculita_qc/venv/lib/python3.11/site-packages/django/template/response.py", line 90, in rendered_content
    template = self.resolve_template(self.template_name)
               ^^^^^^^^^^^^^^^^^^^^^^^^^^^^^^^^^^^^^^^^^
  File "/home/ubuntu/vermiculita_qc/venv/lib/python3.11/site-packages/django/template/response.py", line 72, in resolve_template
    return select_template(template, using=self.using)
           ^^^^^^^^^^^^^^^^^^^^^^^^^^^^^^^^^^^^^^^^^^^
  File "/home/ubuntu/vermiculita_qc/venv/lib/python3.11/site-packages/django/template/loader.py", line 47, in select_template
    raise TemplateDoesNotExist(", ".join(template_name_list), chain=chain)
django.template.exceptions.TemplateDoesNotExist: core/home.html
Internal Server Error: /
Traceback (most recent call last):
  File "/home/ubuntu/vermiculita_qc/venv/lib/python3.11/site-packages/django/core/handlers/exception.py", line 55, in inner
    response = get_response(request)
               ^^^^^^^^^^^^^^^^^^^^^
  File "/home/ubuntu/vermiculita_qc/venv/lib/python3.11/site-packages/django/core/handlers/base.py", line 220, in _get_response
    response = response.render()
               ^^^^^^^^^^^^^^^^^
  File "/home/ubuntu/vermiculita_qc/venv/lib/python3.11/site-packages/django/template/response.py", line 114, in render
    self.content = self.rendered_content
                   ^^^^^^^^^^^^^^^^^^^^^
  File "/home/ubuntu/vermiculita_qc/venv/lib/python3.11/site-packages/django/template/response.py", line 90, in rendered_content
    template = self.resolve_template(self.template_name)
               ^^^^^^^^^^^^^^^^^^^^^^^^^^^^^^^^^^^^^^^^^
  File "/home/ubuntu/vermiculita_qc/venv/lib/python3.11/site-packages/django/template/response.py", line 72, in resolve_template
    return select_template(template, using=self.using)
           ^^^^^^^^^^^^^^^^^^^^^^^^^^^^^^^^^^^^^^^^^^^
  File "/home/ubuntu/vermiculita_qc/venv/lib/python3.11/site-packages/django/template/loader.py", line 47, in select_template
    raise TemplateDoesNotExist(", ".join(template_name_list), chain=chain)
django.template.exceptions.TemplateDoesNotExist: core/home.html
Internal Server Error: /
Traceback (most recent call last):
  File "/home/ubuntu/vermiculita_qc/venv/lib/python3.11/site-packages/django/core/handlers/exception.py", line 55, in inner
    response = get_response(request)
               ^^^^^^^^^^^^^^^^^^^^^
  File "/home/ubuntu/vermiculita_qc/venv/lib/python3.11/site-packages/django/core/handlers/base.py", line 220, in _get_response
    response = response.render()
               ^^^^^^^^^^^^^^^^^
  File "/home/ubuntu/vermiculita_qc/venv/lib/python3.11/site-packages/django/template/response.py", line 114, in render
    self.content = self.rendered_content
                   ^^^^^^^^^^^^^^^^^^^^^
  File "/home/ubuntu/vermiculita_qc/venv/lib/python3.11/site-packages/django/template/response.py", line 90, in rendered_content
    template = self.resolve_template(self.template_name)
               ^^^^^^^^^^^^^^^^^^^^^^^^^^^^^^^^^^^^^^^^^
  File "/home/ubuntu/vermiculita_qc/venv/lib/python3.11/site-packages/django/template/response.py", line 72, in resolve_template
    return select_template(template, using=self.using)
           ^^^^^^^^^^^^^^^^^^^^^^^^^^^^^^^^^^^^^^^^^^^
  File "/home/ubuntu/vermiculita_qc/venv/lib/python3.11/site-packages/django/template/loader.py", line 47, in select_template
    raise TemplateDoesNotExist(", ".join(template_name_list), chain=chain)
django.template.exceptions.TemplateDoesNotExist: core/home.html
Not Found: /accounts/login/
Internal Server Error: /
Traceback (most recent call last):
  File "/home/ubuntu/vermiculita_qc/venv/lib/python3.11/site-packages/django/core/handlers/exception.py", line 55, in inner
    response = get_response(request)
               ^^^^^^^^^^^^^^^^^^^^^
  File "/home/ubuntu/vermiculita_qc/venv/lib/python3.11/site-packages/django/core/handlers/base.py", line 220, in _get_response
    response = response.render()
               ^^^^^^^^^^^^^^^^^
  File "/home/ubuntu/vermiculita_qc/venv/lib/python3.11/site-packages/django/template/response.py", line 114, in render
    self.content = self.rendered_content
                   ^^^^^^^^^^^^^^^^^^^^^
  File "/home/ubuntu/vermiculita_qc/venv/lib/python3.11/site-packages/django/template/response.py", line 90, in rendered_content
    template = self.resolve_template(self.template_name)
               ^^^^^^^^^^^^^^^^^^^^^^^^^^^^^^^^^^^^^^^^^
  File "/home/ubuntu/vermiculita_qc/venv/lib/python3.11/site-packages/django/template/response.py", line 72, in resolve_template
    return select_template(template, using=self.using)
           ^^^^^^^^^^^^^^^^^^^^^^^^^^^^^^^^^^^^^^^^^^^
  File "/home/ubuntu/vermiculita_qc/venv/lib/python3.11/site-packages/django/template/loader.py", line 47, in select_template
    raise TemplateDoesNotExist(", ".join(template_name_list), chain=chain)
django.template.exceptions.TemplateDoesNotExist: core/home.html
Not Found: /accounts/login/
Not Found: /qc/reports/
Internal Server Error: /
Traceback (most recent call last):
  File "/home/ubuntu/vermiculita_qc/venv/lib/python3.11/site-packages/django/core/handlers/exception.py", line 55, in inner
    response = get_response(request)
               ^^^^^^^^^^^^^^^^^^^^^
  File "/home/ubuntu/vermiculita_qc/venv/lib/python3.11/site-packages/django/core/handlers/base.py", line 220, in _get_response
    response = response.render()
               ^^^^^^^^^^^^^^^^^
  File "/home/ubuntu/vermiculita_qc/venv/lib/python3.11/site-packages/django/template/response.py", line 114, in render
    self.content = self.rendered_content
                   ^^^^^^^^^^^^^^^^^^^^^
  File "/home/ubuntu/vermiculita_qc/venv/lib/python3.11/site-packages/django/template/response.py", line 90, in rendered_content
    template = self.resolve_template(self.template_name)
               ^^^^^^^^^^^^^^^^^^^^^^^^^^^^^^^^^^^^^^^^^
  File "/home/ubuntu/vermiculita_qc/venv/lib/python3.11/site-packages/django/template/response.py", line 72, in resolve_template
    return select_template(template, using=self.using)
           ^^^^^^^^^^^^^^^^^^^^^^^^^^^^^^^^^^^^^^^^^^^
  File "/home/ubuntu/vermiculita_qc/venv/lib/python3.11/site-packages/django/template/loader.py", line 47, in select_template
    raise TemplateDoesNotExist(", ".join(template_name_list), chain=chain)
django.template.exceptions.TemplateDoesNotExist: core/home.html
Forbidden (CSRF cookie not set.): /
Forbidden (CSRF cookie not set.): /
Forbidden (CSRF cookie not set.): /
Forbidden (CSRF cookie not set.): /
Forbidden (CSRF cookie not set.): /
Forbidden (CSRF cookie not set.): /
Forbidden (CSRF cookie not set.): /
Forbidden (CSRF cookie not set.): /
Forbidden (CSRF cookie not set.): /
Forbidden (CSRF cookie not set.): /
Forbidden (CSRF cookie not set.): /
Forbidden (CSRF cookie not set.): /
Forbidden (CSRF cookie not set.): /
Forbidden (CSRF cookie not set.): /
Forbidden (CSRF cookie not set.): /
Forbidden (CSRF cookie not set.): /
Forbidden (CSRF cookie not set.): /
Forbidden (CSRF cookie not set.): /
Forbidden (CSRF cookie not set.): /
Forbidden (CSRF cookie not set.): /
Forbidden (CSRF cookie not set.): /
Forbidden (CSRF cookie not set.): /
Forbidden (CSRF cookie not set.): /
Internal Server Error: /
Traceback (most recent call last):
  File "/home/ubuntu/vermiculita_qc/venv/lib/python3.11/site-packages/django/core/handlers/exception.py", line 55, in inner
    response = get_response(request)
               ^^^^^^^^^^^^^^^^^^^^^
  File "/home/ubuntu/vermiculita_qc/venv/lib/python3.11/site-packages/django/core/handlers/base.py", line 220, in _get_response
    response = response.render()
               ^^^^^^^^^^^^^^^^^
  File "/home/ubuntu/vermiculita_qc/venv/lib/python3.11/site-packages/django/template/response.py", line 114, in render
    self.content = self.rendered_content
                   ^^^^^^^^^^^^^^^^^^^^^
  File "/home/ubuntu/vermiculita_qc/venv/lib/python3.11/site-packages/django/template/response.py", line 90, in rendered_content
    template = self.resolve_template(self.template_name)
               ^^^^^^^^^^^^^^^^^^^^^^^^^^^^^^^^^^^^^^^^^
  File "/home/ubuntu/vermiculita_qc/venv/lib/python3.11/site-packages/django/template/response.py", line 72, in resolve_template
    return select_template(template, using=self.using)
           ^^^^^^^^^^^^^^^^^^^^^^^^^^^^^^^^^^^^^^^^^^^
  File "/home/ubuntu/vermiculita_qc/venv/lib/python3.11/site-packages/django/template/loader.py", line 47, in select_template
    raise TemplateDoesNotExist(", ".join(template_name_list), chain=chain)
django.template.exceptions.TemplateDoesNotExist: core/home.html
Not Found: /favicon.ico
Forbidden (CSRF cookie not set.): /
Forbidden (CSRF cookie not set.): /
Forbidden (CSRF cookie not set.): /
Forbidden (CSRF cookie not set.): /
Forbidden (CSRF cookie not set.): /
Forbidden (CSRF cookie not set.): /
Forbidden (CSRF cookie not set.): /
Forbidden (CSRF cookie not set.): /
Forbidden (CSRF cookie not set.): /
Forbidden (CSRF cookie not set.): /
Forbidden (CSRF cookie not set.): /
Forbidden (CSRF cookie not set.): /
Forbidden (CSRF cookie not set.): /
Forbidden (CSRF cookie not set.): /
Forbidden (CSRF cookie not set.): /
Forbidden (CSRF cookie not set.): /
Forbidden (CSRF cookie not set.): /
